<?xml version="1.0" encoding="UTF-8"?>
<Site BuildName="Win32-mingw32-make"
	BuildStamp="20210521-1105-Experimental"
	Name="DESKTOP-20N6P6O"
	Generator="ctest-3.20.2"
	CompilerName="C:/MinGW/bin/mingw32-g++.exe"
	CompilerVersion="9.2.0"
	OSName="Windows"
	Hostname="DESKTOP-20N6P6O"
	OSRelease=" Professional"
	OSVersion=" (Build 19043)"
	OSPlatform="AMD64"
	Is64Bits="1"
	VendorString="GenuineIntel"
	VendorID="Intel Corporation"
	FamilyID="6"
	ModelID="14"
	ProcessorCacheSize="-1"
	NumberOfLogicalCPU="4"
	NumberOfPhysicalCPU="4"
	TotalVirtualMemory="22455"
	TotalPhysicalMemory="16311"
	LogicalProcessorsPerPhysical="1"
	ProcessorClockFrequency="3504"
	>
	<Testing>
		<StartDateTime>May 21 14:05 FLE Daylight Time</StartDateTime>
		<StartTestTime>1621595129</StartTestTime>
		<TestList/>
		<EndDateTime>May 21 14:05 FLE Daylight Time</EndDateTime>
		<EndTestTime>1621595129</EndTestTime>
		<ElapsedMinutes>0</ElapsedMinutes>
	</Testing>
</Site>
